Started GET "/" for ::1 at 2024-10-30 13:16:00 -0600
  [1m[35m (0.2ms)[0m  [1m[35mCREATE TABLE "schema_migrations" ("version" varchar NOT NULL PRIMARY KEY)[0m
  [1m[35m (0.1ms)[0m  [1m[35mCREATE TABLE "ar_internal_metadata" ("key" varchar NOT NULL PRIMARY KEY, "value" varchar, "created_at" datetime(6) NOT NULL, "updated_at" datetime(6) NOT NULL)[0m
  [1m[36mActiveRecord::SchemaMigration Load (0.1ms)[0m  [1m[34mSELECT "schema_migrations"."version" FROM "schema_migrations" ORDER BY "schema_migrations"."version" ASC[0m
Processing by Rails::WelcomeController#index as HTML
  Rendering /Users/vincenttruong/.rbenv/versions/3.1.3/lib/ruby/gems/3.1.0/gems/railties-7.2.1.2/lib/rails/templates/rails/welcome/index.html.erb
  Rendered /Users/vincenttruong/.rbenv/versions/3.1.3/lib/ruby/gems/3.1.0/gems/railties-7.2.1.2/lib/rails/templates/rails/welcome/index.html.erb (Duration: 0.3ms | GC: 0.0ms)
Completed 200 OK in 20ms (Views: 4.1ms | ActiveRecord: 0.0ms (0 queries, 0 cached) | GC: 9.1ms)


Started GET "/" for ::1 at 2024-10-30 13:16:01 -0600
Processing by Rails::WelcomeController#index as HTML
  Rendering /Users/vincenttruong/.rbenv/versions/3.1.3/lib/ruby/gems/3.1.0/gems/railties-7.2.1.2/lib/rails/templates/rails/welcome/index.html.erb
  Rendered /Users/vincenttruong/.rbenv/versions/3.1.3/lib/ruby/gems/3.1.0/gems/railties-7.2.1.2/lib/rails/templates/rails/welcome/index.html.erb (Duration: 0.2ms | GC: 0.0ms)
Completed 200 OK in 2ms (Views: 0.7ms | ActiveRecord: 0.0ms (0 queries, 0 cached) | GC: 0.0ms)


Started GET "/feeder/parse" for ::1 at 2024-10-30 13:16:03 -0600
  
ActionController::RoutingError (No route matches [GET] "/feeder/parse"):
  
Started GET "/index" for ::1 at 2024-10-30 13:16:07 -0600
  
ActionController::RoutingError (No route matches [GET] "/index"):
  
Started GET "/index" for ::1 at 2024-10-30 13:16:29 -0600
  
ActionController::RoutingError (No route matches [GET] "/index"):
  
Started GET "/" for ::1 at 2024-10-30 13:16:40 -0600
  [1m[36mActiveRecord::SchemaMigration Load (0.1ms)[0m  [1m[34mSELECT "schema_migrations"."version" FROM "schema_migrations" ORDER BY "schema_migrations"."version" ASC[0m
Processing by ImaginationController#index as HTML
  Rendering layout layouts/application.html.erb
  Rendering imagination/index.html.erb within layouts/application
  Rendered imagination/index.html.erb within layouts/application (Duration: 0.2ms | GC: 0.0ms)
  Rendered layout layouts/application.html.erb (Duration: 131.8ms | GC: 43.1ms)
Completed 200 OK in 148ms (Views: 133.9ms | ActiveRecord: 0.0ms (0 queries, 0 cached) | GC: 43.1ms)


Started GET "/style.css" for ::1 at 2024-10-30 13:16:40 -0600
  
ActionController::RoutingError (No route matches [GET] "/style.css"):
  
Started GET "/script.js" for ::1 at 2024-10-30 13:16:40 -0600
  
ActionController::RoutingError (No route matches [GET] "/script.js"):
  
Started GET "/" for ::1 at 2024-10-30 13:16:41 -0600
Processing by ImaginationController#index as HTML
  Rendering layout layouts/application.html.erb
  Rendering imagination/index.html.erb within layouts/application
  Rendered imagination/index.html.erb within layouts/application (Duration: 0.1ms | GC: 0.0ms)
  Rendered layout layouts/application.html.erb (Duration: 8.1ms | GC: 4.2ms)
Completed 200 OK in 9ms (Views: 8.6ms | ActiveRecord: 0.0ms (0 queries, 0 cached) | GC: 4.2ms)


Started GET "/style.css" for ::1 at 2024-10-30 13:16:41 -0600
  
ActionController::RoutingError (No route matches [GET] "/style.css"):
  
Started GET "/script.js" for ::1 at 2024-10-30 13:16:41 -0600
  
ActionController::RoutingError (No route matches [GET] "/script.js"):
  
Started GET "/manifest.json" for ::1 at 2024-10-30 13:16:44 -0600
  
ActionController::RoutingError (No route matches [GET] "/manifest.json"):
  
Started GET "/" for ::1 at 2024-10-30 13:17:04 -0600
Processing by ImaginationController#index as HTML
  Rendering layout layouts/application.html.erb
  Rendering imagination/index.html.erb within layouts/application
  Rendered imagination/index.html.erb within layouts/application (Duration: 0.1ms | GC: 0.0ms)
  Rendered layout layouts/application.html.erb (Duration: 13.9ms | GC: 0.3ms)
Completed 200 OK in 16ms (Views: 14.7ms | ActiveRecord: 0.0ms (0 queries, 0 cached) | GC: 0.3ms)


Started GET "/style.css" for ::1 at 2024-10-30 13:17:04 -0600
Started GET "/script.js" for ::1 at 2024-10-30 13:17:04 -0600
  
ActionController::RoutingError (No route matches [GET] "/style.css"):
  
  
ActionController::RoutingError (No route matches [GET] "/script.js"):
  
Started GET "/manifest.json" for ::1 at 2024-10-30 13:17:04 -0600
  
ActionController::RoutingError (No route matches [GET] "/manifest.json"):
  
